sample.interval=20000
"[.data.table" "[" "mean" 
"[.data.table" "[" "mean" 
sample.interval=20000
"conditionMessage" "value[[3]]" "tryCatchOne" "tryCatchList" "tryCatch" "base::try" 
"pmatch" ".deparseOpts" "deparse" "value[[3]]" "tryCatchOne" "tryCatchList" "tryCatch" "base::try" 
"unique.default" "sort" "as.factor" "split.default" "split" "lapply" "sapply" 
sample.interval=20000
sample.interval=20000
sample.interval=20000
sample.interval=20000
sample.interval=20000
sample.interval=20000
sample.interval=20000
sample.interval=20000
sample.interval=20000
sample.interval=20000
sample.interval=20000
sample.interval=20000
sample.interval=20000
sample.interval=20000
sample.interval=20000
sample.interval=20000
sample.interval=20000
sample.interval=20000
sample.interval=20000
sample.interval=20000
sample.interval=20000
sample.interval=20000
sample.interval=20000
sample.interval=20000
sample.interval=20000
sample.interval=20000
sample.interval=20000
sample.interval=20000
sample.interval=20000
sample.interval=20000
sample.interval=20000
sample.interval=20000
sample.interval=20000
sample.interval=20000
sample.interval=20000
sample.interval=20000
sample.interval=20000
sample.interval=20000
sample.interval=20000
sample.interval=20000
sample.interval=20000
sample.interval=20000
sample.interval=20000
sample.interval=20000
sample.interval=20000
sample.interval=20000
sample.interval=20000
sample.interval=20000
